# JRE version: OpenJDK Runtime Environment (8.0_242-b01) (build 1.8.0_242-release-1644-b01)
# Java VM: OpenJDK 64-Bit Server VM (25.242-b01 mixed mode windows-amd64 compressed oops)
Heap:
 PSYoungGen      total 360960K, used 69980K [0x00000000d5580000, 0x00000000efa00000, 0x0000000100000000)
  eden space 320000K, 9% used [0x00000000d5580000,0x00000000d71db3f0,0x00000000e8e00000)
  from space 40960K, 99% used [0x00000000e8e00000,0x00000000eb5fbe08,0x00000000eb600000)
  to   space 38400K, 0% used [0x00000000eb600000,0x00000000eb600000,0x00000000edb80000)
 ParOldGen       total 332800K, used 82139K [0x0000000080000000, 0x0000000094500000, 0x00000000d5580000)
  object space 332800K, 24% used [0x0000000080000000,0x0000000085036d90,0x0000000094500000)
 Metaspace       used 99752K, capacity 104434K, committed 105368K, reserved 1140736K
  class space    used 12864K, capacity 13700K, committed 14000K, reserved 1048576K
GC Heap History (10 events):
Event: 51.312 GC heap before
{Heap before GC invocations=17 (full 3):
 PSYoungGen      total 257536K, used 256360K [0x00000000d5580000, 0x00000000ea080000, 0x0000000100000000)
  eden space 231936K, 100% used [0x00000000d5580000,0x00000000e3800000,0x00000000e3800000)
  from space 25600K, 95% used [0x00000000e3800000,0x00000000e4fda388,0x00000000e5100000)
  to   space 28672K, 0% used [0x00000000e8480000,0x00000000e8480000,0x00000000ea080000)
 ParOldGen       total 220672K, used 53248K [0x0000000080000000, 0x000000008d780000, 0x00000000d5580000)
  object space 220672K, 24% used [0x0000000080000000,0x00000000834002d0,0x000000008d780000)
 Metaspace       used 80731K, capacity 85512K, committed 85656K, reserved 1122304K
  class space    used 11070K, capacity 11950K, committed 11952K, reserved 1048576K
Event: 51.352 GC heap after
Heap after GC invocations=17 (full 3):
 PSYoungGen      total 303104K, used 19016K [0x00000000d5580000, 0x00000000e9d80000, 0x0000000100000000)
  eden space 277504K, 0% used [0x00000000d5580000,0x00000000d5580000,0x00000000e6480000)
  from space 25600K, 74% used [0x00000000e8480000,0x00000000e9712270,0x00000000e9d80000)
  to   space 29184K, 0% used [0x00000000e6480000,0x00000000e6480000,0x00000000e8100000)
 ParOldGen       total 220672K, used 53264K [0x0000000080000000, 0x000000008d780000, 0x00000000d5580000)
  object space 220672K, 24% used [0x0000000080000000,0x00000000834042d0,0x000000008d780000)
 Metaspace       used 80731K, capacity 85512K, committed 85656K, reserved 1122304K
  class space    used 11070K, capacity 11950K, committed 11952K, reserved 1048576K
}
Event: 317.807 GC heap before
{Heap before GC invocations=18 (full 3):
 PSYoungGen      total 303104K, used 296520K [0x00000000d5580000, 0x00000000e9d80000, 0x0000000100000000)
  eden space 277504K, 100% used [0x00000000d5580000,0x00000000e6480000,0x00000000e6480000)
  from space 25600K, 74% used [0x00000000e8480000,0x00000000e9712270,0x00000000e9d80000)
  to   space 29184K, 0% used [0x00000000e6480000,0x00000000e6480000,0x00000000e8100000)
 ParOldGen       total 220672K, used 53264K [0x0000000080000000, 0x000000008d780000, 0x00000000d5580000)
  object space 220672K, 24% used [0x0000000080000000,0x00000000834042d0,0x000000008d780000)
 Metaspace       used 89889K, capacity 94826K, committed 95128K, reserved 1132544K
  class space    used 11950K, capacity 12868K, committed 12976K, reserved 1048576K
Event: 317.948 GC heap after
Heap after GC invocations=18 (full 3):
 PSYoungGen      total 306688K, used 29155K [0x00000000d5580000, 0x00000000edb80000, 0x0000000100000000)
  eden space 277504K, 0% used [0x00000000d5580000,0x00000000d5580000,0x00000000e6480000)
  from space 29184K, 99% used [0x00000000e6480000,0x00000000e80f8d08,0x00000000e8100000)
  to   space 38400K, 0% used [0x00000000eb600000,0x00000000eb600000,0x00000000edb80000)
 ParOldGen       total 220672K, used 68068K [0x0000000080000000, 0x000000008d780000, 0x00000000d5580000)
  object space 220672K, 30% used [0x0000000080000000,0x00000000842791b8,0x000000008d780000)
 Metaspace       used 89889K, capacity 94826K, committed 95128K, reserved 1132544K
  class space    used 11950K, capacity 12868K, committed 12976K, reserved 1048576K
}
Event: 319.347 GC heap before
{Heap before GC invocations=19 (full 3):
 PSYoungGen      total 306688K, used 74803K [0x00000000d5580000, 0x00000000edb80000, 0x0000000100000000)
  eden space 277504K, 16% used [0x00000000d5580000,0x00000000d8214008,0x00000000e6480000)
  from space 29184K, 99% used [0x00000000e6480000,0x00000000e80f8d08,0x00000000e8100000)
  to   space 38400K, 0% used [0x00000000eb600000,0x00000000eb600000,0x00000000edb80000)
 ParOldGen       total 220672K, used 68068K [0x0000000080000000, 0x000000008d780000, 0x00000000d5580000)
  object space 220672K, 30% used [0x0000000080000000,0x00000000842791b8,0x000000008d780000)
 Metaspace       used 93632K, capacity 98570K, committed 98600K, reserved 1134592K
  class space    used 12327K, capacity 13220K, committed 13232K, reserved 1048576K
Event: 319.431 GC heap after
Heap after GC invocations=19 (full 3):
 PSYoungGen      total 358400K, used 29649K [0x00000000d5580000, 0x00000000efa00000, 0x0000000100000000)
  eden space 320000K, 0% used [0x00000000d5580000,0x00000000d5580000,0x00000000e8e00000)
  from space 38400K, 77% used [0x00000000eb600000,0x00000000ed2f45a0,0x00000000edb80000)
  to   space 40960K, 0% used [0x00000000e8e00000,0x00000000e8e00000,0x00000000eb600000)
 ParOldGen       total 220672K, used 75891K [0x0000000080000000, 0x000000008d780000, 0x00000000d5580000)
  object space 220672K, 34% used [0x0000000080000000,0x0000000084a1cd58,0x000000008d780000)
 Metaspace       used 93632K, capacity 98570K, committed 98600K, reserved 1134592K
  class space    used 12327K, capacity 13220K, committed 13232K, reserved 1048576K
}
Event: 319.431 GC heap before
{Heap before GC invocations=20 (full 4):
 PSYoungGen      total 358400K, used 29649K [0x00000000d5580000, 0x00000000efa00000, 0x0000000100000000)
  eden space 320000K, 0% used [0x00000000d5580000,0x00000000d5580000,0x00000000e8e00000)
  from space 38400K, 77% used [0x00000000eb600000,0x00000000ed2f45a0,0x00000000edb80000)
  to   space 40960K, 0% used [0x00000000e8e00000,0x00000000e8e00000,0x00000000eb600000)
 ParOldGen       total 220672K, used 75891K [0x0000000080000000, 0x000000008d780000, 0x00000000d5580000)
  object space 220672K, 34% used [0x0000000080000000,0x0000000084a1cd58,0x000000008d780000)
 Metaspace       used 93632K, capacity 98570K, committed 98600K, reserved 1134592K
  class space    used 12327K, capacity 13220K, committed 13232K, reserved 1048576K
Event: 320.088 GC heap after
Heap after GC invocations=20 (full 4):
 PSYoungGen      total 358400K, used 0K [0x00000000d5580000, 0x00000000efa00000, 0x0000000100000000)
  eden space 320000K, 0% used [0x00000000d5580000,0x00000000d5580000,0x00000000e8e00000)
  from space 38400K, 0% used [0x00000000eb600000,0x00000000eb600000,0x00000000edb80000)
  to   space 40960K, 0% used [0x00000000e8e00000,0x00000000e8e00000,0x00000000eb600000)
 ParOldGen       total 332800K, used 81541K [0x0000000080000000, 0x0000000094500000, 0x00000000d5580000)
  object space 332800K, 24% used [0x0000000080000000,0x0000000084fa1510,0x0000000094500000)
 Metaspace       used 93301K, capacity 97766K, committed 98600K, reserved 1134592K
  class space    used 12210K, capacity 13012K, committed 13232K, reserved 1048576K
}
Event: 334.343 GC heap before
{Heap before GC invocations=21 (full 4):
 PSYoungGen      total 358400K, used 320000K [0x00000000d5580000, 0x00000000efa00000, 0x0000000100000000)
  eden space 320000K, 100% used [0x00000000d5580000,0x00000000e8e00000,0x00000000e8e00000)
  from space 38400K, 0% used [0x00000000eb600000,0x00000000eb600000,0x00000000edb80000)
  to   space 40960K, 0% used [0x00000000e8e00000,0x00000000e8e00000,0x00000000eb600000)
 ParOldGen       total 332800K, used 81541K [0x0000000080000000, 0x0000000094500000, 0x00000000d5580000)
  object space 332800K, 24% used [0x0000000080000000,0x0000000084fa1510,0x0000000094500000)
 Metaspace       used 99728K, capacity 104434K, committed 105368K, reserved 1140736K
  class space    used 12864K, capacity 13700K, committed 14000K, reserved 1048576K
Event: 334.458 GC heap after
Heap after GC invocations=21 (full 4):
 PSYoungGen      total 360960K, used 40943K [0x00000000d5580000, 0x00000000efa00000, 0x0000000100000000)
  eden space 320000K, 0% used [0x00000000d5580000,0x00000000d5580000,0x00000000e8e00000)
  from space 40960K, 99% used [0x00000000e8e00000,0x00000000eb5fbe08,0x00000000eb600000)
  to   space 38400K, 0% used [0x00000000eb600000,0x00000000eb600000,0x00000000edb80000)
 ParOldGen       total 332800K, used 82139K [0x0000000080000000, 0x0000000094500000, 0x00000000d5580000)
  object space 332800K, 24% used [0x0000000080000000,0x0000000085036d90,0x0000000094500000)
 Metaspace       used 99728K, capacity 104434K, committed 105368K, reserved 1140736K
  class space    used 12864K, capacity 13700K, committed 14000K, reserved 1048576K
}

