# JRE version: OpenJDK Runtime Environment (8.0_242-b01) (build 1.8.0_242-release-1644-b01)
# Java VM: OpenJDK 64-Bit Server VM (25.242-b01 mixed mode windows-amd64 compressed oops)
Heap:
 PSYoungGen      total 185344K, used 19415K [0x00000000d5580000, 0x00000000e2900000, 0x0000000100000000)
  eden space 177152K, 6% used [0x00000000d5580000,0x00000000d607fd50,0x00000000e0280000)
  from space 8192K, 99% used [0x00000000e2100000,0x00000000e28f61e8,0x00000000e2900000)
  to   space 11264K, 0% used [0x00000000e1300000,0x00000000e1300000,0x00000000e1e00000)
 ParOldGen       total 91136K, used 14562K [0x0000000080000000, 0x0000000085900000, 0x00000000d5580000)
  object space 91136K, 15% used [0x0000000080000000,0x0000000080e388c0,0x0000000085900000)
 Metaspace       used 39011K, capacity 40694K, committed 40872K, reserved 1087488K
  class space    used 5376K, capacity 5733K, committed 5808K, reserved 1048576K
GC Heap History (10 events):
Event: 13.063 GC heap before
{Heap before GC invocations=6 (full 1):
 PSYoungGen      total 74752K, used 64512K [0x00000000d5580000, 0x00000000de780000, 0x0000000100000000)
  eden space 64512K, 100% used [0x00000000d5580000,0x00000000d9480000,0x00000000d9480000)
  from space 10240K, 0% used [0x00000000d9e80000,0x00000000d9e80000,0x00000000da880000)
  to   space 10240K, 0% used [0x00000000d9480000,0x00000000d9480000,0x00000000d9e80000)
 ParOldGen       total 91136K, used 7291K [0x0000000080000000, 0x0000000085900000, 0x00000000d5580000)
  object space 91136K, 8% used [0x0000000080000000,0x000000008071ecf0,0x0000000085900000)
 Metaspace       used 28476K, capacity 29310K, committed 29616K, reserved 1075200K
  class space    used 3938K, capacity 4187K, committed 4272K, reserved 1048576K
Event: 13.076 GC heap after
Heap after GC invocations=6 (full 1):
 PSYoungGen      total 74752K, used 8031K [0x00000000d5580000, 0x00000000dd700000, 0x0000000100000000)
  eden space 64512K, 0% used [0x00000000d5580000,0x00000000d5580000,0x00000000d9480000)
  from space 10240K, 78% used [0x00000000d9480000,0x00000000d9c57d50,0x00000000d9e80000)
  to   space 11776K, 0% used [0x00000000dcb80000,0x00000000dcb80000,0x00000000dd700000)
 ParOldGen       total 91136K, used 7299K [0x0000000080000000, 0x0000000085900000, 0x00000000d5580000)
  object space 91136K, 8% used [0x0000000080000000,0x0000000080720cf0,0x0000000085900000)
 Metaspace       used 28476K, capacity 29310K, committed 29616K, reserved 1075200K
  class space    used 3938K, capacity 4187K, committed 4272K, reserved 1048576K
}
Event: 17.460 GC heap before
{Heap before GC invocations=7 (full 1):
 PSYoungGen      total 74752K, used 72543K [0x00000000d5580000, 0x00000000dd700000, 0x0000000100000000)
  eden space 64512K, 100% used [0x00000000d5580000,0x00000000d9480000,0x00000000d9480000)
  from space 10240K, 78% used [0x00000000d9480000,0x00000000d9c57d50,0x00000000d9e80000)
  to   space 11776K, 0% used [0x00000000dcb80000,0x00000000dcb80000,0x00000000dd700000)
 ParOldGen       total 91136K, used 7299K [0x0000000080000000, 0x0000000085900000, 0x00000000d5580000)
  object space 91136K, 8% used [0x0000000080000000,0x0000000080720cf0,0x0000000085900000)
 Metaspace       used 32732K, capacity 33764K, committed 33968K, reserved 1079296K
  class space    used 4456K, capacity 4718K, committed 4784K, reserved 1048576K
Event: 17.797 GC heap after
Heap after GC invocations=7 (full 1):
 PSYoungGen      total 120832K, used 9247K [0x00000000d5580000, 0x00000000dde80000, 0x0000000100000000)
  eden space 109056K, 0% used [0x00000000d5580000,0x00000000d5580000,0x00000000dc000000)
  from space 11776K, 78% used [0x00000000dcb80000,0x00000000dd487cd0,0x00000000dd700000)
  to   space 11776K, 0% used [0x00000000dc000000,0x00000000dc000000,0x00000000dcb80000)
 ParOldGen       total 91136K, used 7307K [0x0000000080000000, 0x0000000085900000, 0x00000000d5580000)
  object space 91136K, 8% used [0x0000000080000000,0x0000000080722cf0,0x0000000085900000)
 Metaspace       used 32732K, capacity 33764K, committed 33968K, reserved 1079296K
  class space    used 4456K, capacity 4718K, committed 4784K, reserved 1048576K
}
Event: 19.281 GC heap before
{Heap before GC invocations=8 (full 1):
 PSYoungGen      total 120832K, used 42942K [0x00000000d5580000, 0x00000000dde80000, 0x0000000100000000)
  eden space 109056K, 30% used [0x00000000d5580000,0x00000000d7667f20,0x00000000dc000000)
  from space 11776K, 78% used [0x00000000dcb80000,0x00000000dd487cd0,0x00000000dd700000)
  to   space 11776K, 0% used [0x00000000dc000000,0x00000000dc000000,0x00000000dcb80000)
 ParOldGen       total 91136K, used 7307K [0x0000000080000000, 0x0000000085900000, 0x00000000d5580000)
  object space 91136K, 8% used [0x0000000080000000,0x0000000080722cf0,0x0000000085900000)
 Metaspace       used 34294K, capacity 35412K, committed 35496K, reserved 1079296K
  class space    used 4714K, capacity 5001K, committed 5040K, reserved 1048576K
Event: 19.330 GC heap after
Heap after GC invocations=8 (full 1):
 PSYoungGen      total 120832K, used 8171K [0x00000000d5580000, 0x00000000e2c00000, 0x0000000100000000)
  eden space 109056K, 0% used [0x00000000d5580000,0x00000000d5580000,0x00000000dc000000)
  from space 11776K, 69% used [0x00000000dc000000,0x00000000dc7fad48,0x00000000dcb80000)
  to   space 11264K, 0% used [0x00000000e2100000,0x00000000e2100000,0x00000000e2c00000)
 ParOldGen       total 91136K, used 7315K [0x0000000080000000, 0x0000000085900000, 0x00000000d5580000)
  object space 91136K, 8% used [0x0000000080000000,0x0000000080724cf0,0x0000000085900000)
 Metaspace       used 34294K, capacity 35412K, committed 35496K, reserved 1079296K
  class space    used 4714K, capacity 5001K, committed 5040K, reserved 1048576K
}
Event: 19.330 GC heap before
{Heap before GC invocations=9 (full 2):
 PSYoungGen      total 120832K, used 8171K [0x00000000d5580000, 0x00000000e2c00000, 0x0000000100000000)
  eden space 109056K, 0% used [0x00000000d5580000,0x00000000d5580000,0x00000000dc000000)
  from space 11776K, 69% used [0x00000000dc000000,0x00000000dc7fad48,0x00000000dcb80000)
  to   space 11264K, 0% used [0x00000000e2100000,0x00000000e2100000,0x00000000e2c00000)
 ParOldGen       total 91136K, used 7315K [0x0000000080000000, 0x0000000085900000, 0x00000000d5580000)
  object space 91136K, 8% used [0x0000000080000000,0x0000000080724cf0,0x0000000085900000)
 Metaspace       used 34294K, capacity 35412K, committed 35496K, reserved 1079296K
  class space    used 4714K, capacity 5001K, committed 5040K, reserved 1048576K
Event: 19.518 GC heap after
Heap after GC invocations=9 (full 2):
 PSYoungGen      total 120832K, used 0K [0x00000000d5580000, 0x00000000e2c00000, 0x0000000100000000)
  eden space 109056K, 0% used [0x00000000d5580000,0x00000000d5580000,0x00000000dc000000)
  from space 11776K, 0% used [0x00000000dc000000,0x00000000dc000000,0x00000000dcb80000)
  to   space 11264K, 0% used [0x00000000e2100000,0x00000000e2100000,0x00000000e2c00000)
 ParOldGen       total 91136K, used 14562K [0x0000000080000000, 0x0000000085900000, 0x00000000d5580000)
  object space 91136K, 15% used [0x0000000080000000,0x0000000080e388c0,0x0000000085900000)
 Metaspace       used 34294K, capacity 35412K, committed 35496K, reserved 1079296K
  class space    used 4714K, capacity 5001K, committed 5040K, reserved 1048576K
}
Event: 22.270 GC heap before
{Heap before GC invocations=10 (full 2):
 PSYoungGen      total 120832K, used 109056K [0x00000000d5580000, 0x00000000e2c00000, 0x0000000100000000)
  eden space 109056K, 100% used [0x00000000d5580000,0x00000000dc000000,0x00000000dc000000)
  from space 11776K, 0% used [0x00000000dc000000,0x00000000dc000000,0x00000000dcb80000)
  to   space 11264K, 0% used [0x00000000e2100000,0x00000000e2100000,0x00000000e2c00000)
 ParOldGen       total 91136K, used 14562K [0x0000000080000000, 0x0000000085900000, 0x00000000d5580000)
  object space 91136K, 15% used [0x0000000080000000,0x0000000080e388c0,0x0000000085900000)
 Metaspace       used 38077K, capacity 39674K, committed 39976K, reserved 1083392K
  class space    used 5238K, capacity 5573K, committed 5680K, reserved 1048576K
Event: 22.295 GC heap after
Heap after GC invocations=10 (full 2):
 PSYoungGen      total 185344K, used 8152K [0x00000000d5580000, 0x00000000e2900000, 0x0000000100000000)
  eden space 177152K, 0% used [0x00000000d5580000,0x00000000d5580000,0x00000000e0280000)
  from space 8192K, 99% used [0x00000000e2100000,0x00000000e28f61e8,0x00000000e2900000)
  to   space 11264K, 0% used [0x00000000e1300000,0x00000000e1300000,0x00000000e1e00000)
 ParOldGen       total 91136K, used 14562K [0x0000000080000000, 0x0000000085900000, 0x00000000d5580000)
  object space 91136K, 15% used [0x0000000080000000,0x0000000080e388c0,0x0000000085900000)
 Metaspace       used 38077K, capacity 39674K, committed 39976K, reserved 1083392K
  class space    used 5238K, capacity 5573K, committed 5680K, reserved 1048576K
}

