# JRE version: OpenJDK Runtime Environment (8.0_242-b01) (build 1.8.0_242-release-1644-b01)
# Java VM: OpenJDK 64-Bit Server VM (25.242-b01 mixed mode windows-amd64 compressed oops)
Heap:
 PSYoungGen      total 350720K, used 34230K [0x00000000d5580000, 0x00000000ee700000, 0x0000000100000000)
  eden space 303104K, 11% used [0x00000000d5580000,0x00000000d76ed840,0x00000000e7d80000)
  from space 47616K, 0% used [0x00000000e7d80000,0x00000000e7d80000,0x00000000eac00000)
  to   space 29696K, 0% used [0x00000000eac00000,0x00000000eac00000,0x00000000ec900000)
 ParOldGen       total 191488K, used 87385K [0x0000000080000000, 0x000000008bb00000, 0x00000000d5580000)
  object space 191488K, 45% used [0x0000000080000000,0x00000000855565d0,0x000000008bb00000)
 Metaspace       used 95494K, capacity 99613K, committed 99864K, reserved 1136640K
  class space    used 12495K, capacity 13268K, committed 13360K, reserved 1048576K
GC Heap History (10 events):
Event: 34.530 GC heap before
{Heap before GC invocations=15 (full 3):
 PSYoungGen      total 231424K, used 231394K [0x00000000d5580000, 0x00000000e8b80000, 0x0000000100000000)
  eden space 212480K, 100% used [0x00000000d5580000,0x00000000e2500000,0x00000000e2500000)
  from space 18944K, 99% used [0x00000000e2500000,0x00000000e3778940,0x00000000e3780000)
  to   space 24576K, 0% used [0x00000000e7380000,0x00000000e7380000,0x00000000e8b80000)
 ParOldGen       total 191488K, used 40267K [0x0000000080000000, 0x000000008bb00000, 0x00000000d5580000)
  object space 191488K, 21% used [0x0000000080000000,0x0000000082752f80,0x000000008bb00000)
 Metaspace       used 66271K, capacity 69281K, committed 69528K, reserved 1110016K
  class space    used 9053K, capacity 9637K, committed 9648K, reserved 1048576K
Event: 34.611 GC heap after
Heap after GC invocations=15 (full 3):
 PSYoungGen      total 288256K, used 24565K [0x00000000d5580000, 0x00000000e9180000, 0x0000000100000000)
  eden space 263680K, 0% used [0x00000000d5580000,0x00000000d5580000,0x00000000e5700000)
  from space 24576K, 99% used [0x00000000e7380000,0x00000000e8b7d6f0,0x00000000e8b80000)
  to   space 29184K, 0% used [0x00000000e5700000,0x00000000e5700000,0x00000000e7380000)
 ParOldGen       total 191488K, used 44570K [0x0000000080000000, 0x000000008bb00000, 0x00000000d5580000)
  object space 191488K, 23% used [0x0000000080000000,0x0000000082b86918,0x000000008bb00000)
 Metaspace       used 66271K, capacity 69281K, committed 69528K, reserved 1110016K
  class space    used 9053K, capacity 9637K, committed 9648K, reserved 1048576K
}
Event: 50.683 GC heap before
{Heap before GC invocations=16 (full 3):
 PSYoungGen      total 288256K, used 288245K [0x00000000d5580000, 0x00000000e9180000, 0x0000000100000000)
  eden space 263680K, 100% used [0x00000000d5580000,0x00000000e5700000,0x00000000e5700000)
  from space 24576K, 99% used [0x00000000e7380000,0x00000000e8b7d6f0,0x00000000e8b80000)
  to   space 29184K, 0% used [0x00000000e5700000,0x00000000e5700000,0x00000000e7380000)
 ParOldGen       total 191488K, used 44570K [0x0000000080000000, 0x000000008bb00000, 0x00000000d5580000)
  object space 191488K, 23% used [0x0000000080000000,0x0000000082b86918,0x000000008bb00000)
 Metaspace       used 71569K, capacity 74785K, committed 75032K, reserved 1114112K
  class space    used 9653K, capacity 10241K, committed 10288K, reserved 1048576K
Event: 50.770 GC heap after
Heap after GC invocations=16 (full 3):
 PSYoungGen      total 292864K, used 19537K [0x00000000d5580000, 0x00000000ec900000, 0x0000000100000000)
  eden space 263680K, 0% used [0x00000000d5580000,0x00000000d5580000,0x00000000e5700000)
  from space 29184K, 66% used [0x00000000e5700000,0x00000000e6a144c8,0x00000000e7380000)
  to   space 29696K, 0% used [0x00000000eac00000,0x00000000eac00000,0x00000000ec900000)
 ParOldGen       total 191488K, used 68839K [0x0000000080000000, 0x000000008bb00000, 0x00000000d5580000)
  object space 191488K, 35% used [0x0000000080000000,0x0000000084339fa0,0x000000008bb00000)
 Metaspace       used 71569K, capacity 74785K, committed 75032K, reserved 1114112K
  class space    used 9653K, capacity 10241K, committed 10288K, reserved 1048576K
}
Event: 65.584 GC heap before
{Heap before GC invocations=17 (full 3):
 PSYoungGen      total 292864K, used 283217K [0x00000000d5580000, 0x00000000ec900000, 0x0000000100000000)
  eden space 263680K, 100% used [0x00000000d5580000,0x00000000e5700000,0x00000000e5700000)
  from space 29184K, 66% used [0x00000000e5700000,0x00000000e6a144c8,0x00000000e7380000)
  to   space 29696K, 0% used [0x00000000eac00000,0x00000000eac00000,0x00000000ec900000)
 ParOldGen       total 191488K, used 68839K [0x0000000080000000, 0x000000008bb00000, 0x00000000d5580000)
  object space 191488K, 35% used [0x0000000080000000,0x0000000084339fa0,0x000000008bb00000)
 Metaspace       used 85514K, capacity 88821K, committed 89112K, reserved 1126400K
  class space    used 11199K, capacity 11816K, committed 11824K, reserved 1048576K
Event: 65.712 GC heap after
Heap after GC invocations=17 (full 3):
 PSYoungGen      total 332800K, used 29666K [0x00000000d5580000, 0x00000000ee700000, 0x0000000100000000)
  eden space 303104K, 0% used [0x00000000d5580000,0x00000000d5580000,0x00000000e7d80000)
  from space 29696K, 99% used [0x00000000eac00000,0x00000000ec8f8a20,0x00000000ec900000)
  to   space 47616K, 0% used [0x00000000e7d80000,0x00000000e7d80000,0x00000000eac00000)
 ParOldGen       total 191488K, used 105844K [0x0000000080000000, 0x000000008bb00000, 0x00000000d5580000)
  object space 191488K, 55% used [0x0000000080000000,0x000000008675d1b8,0x000000008bb00000)
 Metaspace       used 85514K, capacity 88821K, committed 89112K, reserved 1126400K
  class space    used 11199K, capacity 11816K, committed 11824K, reserved 1048576K
}
Event: 72.404 GC heap before
{Heap before GC invocations=18 (full 3):
 PSYoungGen      total 332800K, used 220978K [0x00000000d5580000, 0x00000000ee700000, 0x0000000100000000)
  eden space 303104K, 63% used [0x00000000d5580000,0x00000000e1054138,0x00000000e7d80000)
  from space 29696K, 99% used [0x00000000eac00000,0x00000000ec8f8a20,0x00000000ec900000)
  to   space 47616K, 0% used [0x00000000e7d80000,0x00000000e7d80000,0x00000000eac00000)
 ParOldGen       total 191488K, used 105844K [0x0000000080000000, 0x000000008bb00000, 0x00000000d5580000)
  object space 191488K, 55% used [0x0000000080000000,0x000000008675d1b8,0x000000008bb00000)
 Metaspace       used 94248K, capacity 98449K, committed 98584K, reserved 1134592K
  class space    used 12422K, capacity 13260K, committed 13360K, reserved 1048576K
Event: 72.569 GC heap after
Heap after GC invocations=18 (full 3):
 PSYoungGen      total 350720K, used 22411K [0x00000000d5580000, 0x00000000ee700000, 0x0000000100000000)
  eden space 303104K, 0% used [0x00000000d5580000,0x00000000d5580000,0x00000000e7d80000)
  from space 47616K, 47% used [0x00000000e7d80000,0x00000000e9362eb0,0x00000000eac00000)
  to   space 29696K, 0% used [0x00000000eac00000,0x00000000eac00000,0x00000000ec900000)
 ParOldGen       total 191488K, used 134042K [0x0000000080000000, 0x000000008bb00000, 0x00000000d5580000)
  object space 191488K, 70% used [0x0000000080000000,0x00000000882e6818,0x000000008bb00000)
 Metaspace       used 94248K, capacity 98449K, committed 98584K, reserved 1134592K
  class space    used 12422K, capacity 13260K, committed 13360K, reserved 1048576K
}
Event: 72.570 GC heap before
{Heap before GC invocations=19 (full 4):
 PSYoungGen      total 350720K, used 22411K [0x00000000d5580000, 0x00000000ee700000, 0x0000000100000000)
  eden space 303104K, 0% used [0x00000000d5580000,0x00000000d5580000,0x00000000e7d80000)
  from space 47616K, 47% used [0x00000000e7d80000,0x00000000e9362eb0,0x00000000eac00000)
  to   space 29696K, 0% used [0x00000000eac00000,0x00000000eac00000,0x00000000ec900000)
 ParOldGen       total 191488K, used 134042K [0x0000000080000000, 0x000000008bb00000, 0x00000000d5580000)
  object space 191488K, 70% used [0x0000000080000000,0x00000000882e6818,0x000000008bb00000)
 Metaspace       used 94248K, capacity 98449K, committed 98584K, reserved 1134592K
  class space    used 12422K, capacity 13260K, committed 13360K, reserved 1048576K
Event: 73.120 GC heap after
Heap after GC invocations=19 (full 4):
 PSYoungGen      total 350720K, used 0K [0x00000000d5580000, 0x00000000ee700000, 0x0000000100000000)
  eden space 303104K, 0% used [0x00000000d5580000,0x00000000d5580000,0x00000000e7d80000)
  from space 47616K, 0% used [0x00000000e7d80000,0x00000000e7d80000,0x00000000eac00000)
  to   space 29696K, 0% used [0x00000000eac00000,0x00000000eac00000,0x00000000ec900000)
 ParOldGen       total 191488K, used 87385K [0x0000000080000000, 0x000000008bb00000, 0x00000000d5580000)
  object space 191488K, 45% used [0x0000000080000000,0x00000000855565d0,0x000000008bb00000)
 Metaspace       used 93946K, capacity 97741K, committed 98584K, reserved 1134592K
  class space    used 12314K, capacity 13066K, committed 13360K, reserved 1048576K
}

